Build started at 2026-04-20T18:06:44.774460
Step 1/9 : FROM node:20-alpine
 ---> b88333c42c23
Step 2/9 : RUN npm install -g serve
 ---> Using cache
 ---> b6207bbf4a8f
Step 3/9 : WORKDIR /deps
 ---> Using cache
 ---> 6c18260b6c25
Step 4/9 : COPY package.json ./
 ---> Using cache
 ---> a59c71e0d69b
Step 5/9 : RUN npm install
 ---> Using cache
 ---> 9ece2a5dbde4
Step 6/9 : WORKDIR /app
 ---> Using cache
 ---> 2fdbdfa22f12
Step 7/9 : COPY entrypoint.sh /entrypoint.sh
 ---> Using cache
 ---> dd68aeea29ae
Step 8/9 : RUN chmod +x /entrypoint.sh
 ---> Using cache
 ---> 1ef8318ba11d
Step 9/9 : ENTRYPOINT ["/entrypoint.sh"]
 ---> Using cache
 ---> 6c8a1a81e366
Successfully built 6c8a1a81e366
Successfully tagged internal/deployment-management-deployment-management-external-frontend:sha85dcfbd49c923c4f2ca387d3041e22062dac4d5a
Build completed successfully at 2026-04-20T18:06:44.955905
